# JRE version: OpenJDK Runtime Environment Temurin-17.0.7+7 (17.0.7+7) (build 17.0.7+7)
# Java VM: OpenJDK 64-Bit Server VM Temurin-17.0.7+7 (17.0.7+7, mixed mode, emulated-client, tiered, compressed oops, compressed class ptrs, g1 gc, windows-amd64)
GC Precious Log:
 CPUs: 8 total, 8 available
 Memory: 7932M
 Large Page Support: Disabled
 NUMA Support: Disabled
 Compressed Oops: Enabled (32-bit)
 Heap Region Size: 1M
 Heap Min Capacity: 8M
 Heap Initial Capacity: 124M
 Heap Max Capacity: 1984M
 Pre-touch: Disabled
 Parallel Workers: 8
 Concurrent Workers: 2
 Concurrent Refinement Workers: 8
 Periodic GC: Disabled
Heap:
 garbage-first heap   total 96256K, used 49934K [0x0000000084000000, 0x0000000100000000)
  region size 1024K, 15 young (15360K), 3 survivors (3072K)
 Metaspace       used 89643K, committed 90432K, reserved 1179648K
  class space    used 12132K, committed 12544K, reserved 1048576K
GC Heap History (20 events):
Event: 1009.187 GC heap before
{Heap before GC invocations=32 (full 1):
 garbage-first heap   total 96256K, used 51025K [0x0000000084000000, 0x0000000100000000)
  region size 1024K, 18 young (18432K), 4 survivors (4096K)
 Metaspace       used 88785K, committed 89536K, reserved 1179648K
  class space    used 12060K, committed 12416K, reserved 1048576K
}
Event: 1009.243 GC heap after
{Heap after GC invocations=33 (full 2):
 garbage-first heap   total 96256K, used 26863K [0x0000000084000000, 0x0000000100000000)
  region size 1024K, 0 young (0K), 0 survivors (0K)
 Metaspace       used 88664K, committed 89536K, reserved 1179648K
  class space    used 12034K, committed 12416K, reserved 1048576K
}
Event: 1011.136 GC heap before
{Heap before GC invocations=33 (full 2):
 garbage-first heap   total 96256K, used 71919K [0x0000000084000000, 0x0000000100000000)
  region size 1024K, 45 young (46080K), 0 survivors (0K)
 Metaspace       used 88760K, committed 89536K, reserved 1179648K
  class space    used 12048K, committed 12416K, reserved 1048576K
}
Event: 1011.141 GC heap after
{Heap after GC invocations=34 (full 2):
 garbage-first heap   total 96256K, used 31421K [0x0000000084000000, 0x0000000100000000)
  region size 1024K, 5 young (5120K), 5 survivors (5120K)
 Metaspace       used 88760K, committed 89536K, reserved 1179648K
  class space    used 12048K, committed 12416K, reserved 1048576K
}
Event: 1012.247 GC heap before
{Heap before GC invocations=34 (full 2):
 garbage-first heap   total 96256K, used 73405K [0x0000000084000000, 0x0000000100000000)
  region size 1024K, 46 young (47104K), 5 survivors (5120K)
 Metaspace       used 88969K, committed 89664K, reserved 1179648K
  class space    used 12064K, committed 12416K, reserved 1048576K
}
Event: 1012.262 GC heap after
{Heap after GC invocations=35 (full 2):
 garbage-first heap   total 96256K, used 36736K [0x0000000084000000, 0x0000000100000000)
  region size 1024K, 6 young (6144K), 6 survivors (6144K)
 Metaspace       used 88969K, committed 89664K, reserved 1179648K
  class space    used 12064K, committed 12416K, reserved 1048576K
}
Event: 1057.090 GC heap before
{Heap before GC invocations=35 (full 2):
 garbage-first heap   total 96256K, used 57216K [0x0000000084000000, 0x0000000100000000)
  region size 1024K, 27 young (27648K), 6 survivors (6144K)
 Metaspace       used 88998K, committed 89728K, reserved 1179648K
  class space    used 12071K, committed 12416K, reserved 1048576K
}
Event: 1057.136 GC heap after
{Heap after GC invocations=36 (full 3):
 garbage-first heap   total 96256K, used 30178K [0x0000000084000000, 0x0000000100000000)
  region size 1024K, 0 young (0K), 0 survivors (0K)
 Metaspace       used 88985K, committed 89728K, reserved 1179648K
  class space    used 12069K, committed 12416K, reserved 1048576K
}
Event: 1058.044 GC heap before
{Heap before GC invocations=36 (full 3):
 garbage-first heap   total 96256K, used 70114K [0x0000000084000000, 0x0000000100000000)
  region size 1024K, 40 young (40960K), 0 survivors (0K)
 Metaspace       used 89055K, committed 89728K, reserved 1179648K
  class space    used 12079K, committed 12416K, reserved 1048576K
}
Event: 1058.047 GC heap after
{Heap after GC invocations=37 (full 3):
 garbage-first heap   total 96256K, used 34153K [0x0000000084000000, 0x0000000100000000)
  region size 1024K, 4 young (4096K), 4 survivors (4096K)
 Metaspace       used 89055K, committed 89728K, reserved 1179648K
  class space    used 12079K, committed 12416K, reserved 1048576K
}
Event: 1059.589 GC heap before
{Heap before GC invocations=37 (full 3):
 garbage-first heap   total 96256K, used 71017K [0x0000000084000000, 0x0000000100000000)
  region size 1024K, 41 young (41984K), 4 survivors (4096K)
 Metaspace       used 89271K, committed 90048K, reserved 1179648K
  class space    used 12096K, committed 12480K, reserved 1048576K
}
Event: 1059.594 GC heap after
{Heap after GC invocations=38 (full 3):
 garbage-first heap   total 96256K, used 36493K [0x0000000084000000, 0x0000000100000000)
  region size 1024K, 4 young (4096K), 4 survivors (4096K)
 Metaspace       used 89271K, committed 90048K, reserved 1179648K
  class space    used 12096K, committed 12480K, reserved 1048576K
}
Event: 1115.897 GC heap before
{Heap before GC invocations=38 (full 3):
 garbage-first heap   total 96256K, used 61069K [0x0000000084000000, 0x0000000100000000)
  region size 1024K, 29 young (29696K), 4 survivors (4096K)
 Metaspace       used 89301K, committed 90048K, reserved 1179648K
  class space    used 12101K, committed 12480K, reserved 1048576K
}
Event: 1115.949 GC heap after
{Heap after GC invocations=39 (full 4):
 garbage-first heap   total 96256K, used 30518K [0x0000000084000000, 0x0000000100000000)
  region size 1024K, 0 young (0K), 0 survivors (0K)
 Metaspace       used 89298K, committed 90048K, reserved 1179648K
  class space    used 12101K, committed 12480K, reserved 1048576K
}
Event: 1117.017 GC heap before
{Heap before GC invocations=39 (full 4):
 garbage-first heap   total 96256K, used 70454K [0x0000000084000000, 0x0000000100000000)
  region size 1024K, 40 young (40960K), 0 survivors (0K)
 Metaspace       used 89369K, committed 90112K, reserved 1179648K
  class space    used 12110K, committed 12480K, reserved 1048576K
}
Event: 1117.020 GC heap after
{Heap after GC invocations=40 (full 4):
 garbage-first heap   total 96256K, used 34207K [0x0000000084000000, 0x0000000100000000)
  region size 1024K, 4 young (4096K), 4 survivors (4096K)
 Metaspace       used 89369K, committed 90112K, reserved 1179648K
  class space    used 12110K, committed 12480K, reserved 1048576K
}
Event: 1117.847 GC heap before
{Heap before GC invocations=40 (full 4):
 garbage-first heap   total 96256K, used 71071K [0x0000000084000000, 0x0000000100000000)
  region size 1024K, 41 young (41984K), 4 survivors (4096K)
 Metaspace       used 89568K, committed 90304K, reserved 1179648K
  class space    used 12124K, committed 12480K, reserved 1048576K
}
Event: 1117.860 GC heap after
{Heap after GC invocations=41 (full 4):
 garbage-first heap   total 96256K, used 36709K [0x0000000084000000, 0x0000000100000000)
  region size 1024K, 3 young (3072K), 3 survivors (3072K)
 Metaspace       used 89568K, committed 90304K, reserved 1179648K
  class space    used 12124K, committed 12480K, reserved 1048576K
}
Event: 1253.114 GC heap before
{Heap before GC invocations=41 (full 4):
 garbage-first heap   total 96256K, used 71525K [0x0000000084000000, 0x0000000100000000)
  region size 1024K, 38 young (38912K), 3 survivors (3072K)
 Metaspace       used 89602K, committed 90368K, reserved 1179648K
  class space    used 12131K, committed 12544K, reserved 1048576K
}
Event: 1253.122 GC heap after
{Heap after GC invocations=42 (full 4):
 garbage-first heap   total 96256K, used 38670K [0x0000000084000000, 0x0000000100000000)
  region size 1024K, 3 young (3072K), 3 survivors (3072K)
 Metaspace       used 89602K, committed 90368K, reserved 1179648K
  class space    used 12131K, committed 12544K, reserved 1048576K
}

